<?xml version="1.0" encoding="UTF-8"?>
<!-- Generated by org.testng.reporters.JUnitReportReporter -->
<testsuite hostname="17d290ec9771561" failures="0" tests="2" name="com.ust.test.ThirdTest" time="0.007" errors="0" timestamp="2023-03-30T16:49:06 IST" skipped="0">
  <testcase classname="com.ust.test.ThirdTest" name="f" time="0.004"/>
  <system-out/>
  <testcase classname="com.ust.test.ThirdTest" name="a" time="0.003"/>
  <system-out/>
</testsuite> <!-- com.ust.test.ThirdTest -->
